#
# There is insufficient memory for the Java Runtime Environment to continue.
# Native memory allocation (malloc) failed to allocate 143654912 bytes for committing reserved memory.
# Possible reasons:
#   The system is out of physical RAM or swap space
#   In 32 bit mode, the process size limit was hit
# Possible solutions:
#   Reduce memory load on the system
#   Increase physical memory or swap space
#   Check if swap backing store is full
#   Use 64 bit Java on a 64 bit OS
#   Decrease Java heap size (-Xmx/-Xms)
#   Decrease number of Java threads
#   Decrease Java thread stack sizes (-Xss)
#   Set larger code cache with -XX:ReservedCodeCacheSize=
# This output file may be truncated or incomplete.
#
#  Out of Memory Error (os_linux.cpp:2745), pid=65550, tid=140243627906816
#
# JRE version: Java(TM) SE Runtime Environment (7.0_71-b14) (build 1.7.0_71-b14)
# Java VM: Java HotSpot(TM) 64-Bit Server VM (24.71-b01 mixed mode linux-amd64 compressed oops)
# Failed to write core dump. Core dumps have been disabled. To enable core dumping, try "ulimit -c unlimited" before starting Java again
#

---------------  T H R E A D  ---------------

Current thread (0x00007f8d2406e000):  VMThread [stack: 0x00007f8d038f9000,0x00007f8d039fa000] [id=65558]

Stack: [0x00007f8d038f9000,0x00007f8d039fa000],  sp=0x00007f8d039f8380,  free space=1020k
Native frames: (J=compiled Java code, j=interpreted, Vv=VM code, C=native code)
V  [libjvm.so+0x9a0a1a]  VMError::report_and_die()+0x2ea
V  [libjvm.so+0x4974bb]  report_vm_out_of_memory(char const*, int, unsigned long, char const*)+0x9b
V  [libjvm.so+0x81e4de]  os::Linux::commit_memory_impl(char*, unsigned long, bool)+0xfe
V  [libjvm.so+0x81ea29]  os::pd_commit_memory(char*, unsigned long, unsigned long, bool)+0x29
V  [libjvm.so+0x8187da]  os::commit_memory(char*, unsigned long, unsigned long, bool)+0x2a
V  [libjvm.so+0x88b2e3]  PSVirtualSpace::expand_by(unsigned long)+0x53
V  [libjvm.so+0x88c6b8]  PSYoungGen::resize_generation(unsigned long, unsigned long)+0xf8
V  [libjvm.so+0x88b822]  PSYoungGen::resize(unsigned long, unsigned long)+0x22
V  [libjvm.so+0x888c73]  PSScavenge::invoke_no_policy()+0xfb3
V  [libjvm.so+0x889421]  PSScavenge::invoke()+0x41
V  [libjvm.so+0x840050]  ParallelScavengeHeap::failed_mem_allocate(unsigned long)+0x70
V  [libjvm.so+0x9a22a7]  VM_ParallelGCFailedAllocation::doit()+0x97
V  [libjvm.so+0x9a9745]  VM_Operation::evaluate()+0x55
V  [libjvm.so+0x9a7b0a]  VMThread::evaluate_operation(VM_Operation*)+0xba
V  [libjvm.so+0x9a7e8e]  VMThread::loop()+0x1ce
V  [libjvm.so+0x9a8300]  VMThread::run()+0x70
V  [libjvm.so+0x8204b8]  java_start(Thread*)+0x108

VM_Operation (0x00007f8d2aa7e890): ParallelGCFailedAllocation, mode: safepoint, requested by thread 0x00007f8d2400a000


---------------  P R O C E S S  ---------------

Java Threads: ( => current thread )
  0x00007f8d2409e800 JavaThread "Service Thread" daemon [_thread_blocked, id=65564, stack(0x00007f8d032f3000,0x00007f8d033f4000)]
  0x00007f8d2409c000 JavaThread "C2 CompilerThread1" daemon [_thread_in_native, id=65563, stack(0x00007f8d033f4000,0x00007f8d034f5000)]
  0x00007f8d24099000 JavaThread "C2 CompilerThread0" daemon [_thread_blocked, id=65562, stack(0x00007f8d034f5000,0x00007f8d035f6000)]
  0x00007f8d24097000 JavaThread "Signal Dispatcher" daemon [_thread_blocked, id=65561, stack(0x00007f8d035f6000,0x00007f8d036f7000)]
  0x00007f8d24074800 JavaThread "Finalizer" daemon [_thread_blocked, id=65560, stack(0x00007f8d036f7000,0x00007f8d037f8000)]
  0x00007f8d24072800 JavaThread "Reference Handler" daemon [_thread_blocked, id=65559, stack(0x00007f8d037f8000,0x00007f8d038f9000)]
  0x00007f8d2400a000 JavaThread "main" [_thread_blocked, id=65551, stack(0x00007f8d2a980000,0x00007f8d2aa81000)]

Other Threads:
=>0x00007f8d2406e000 VMThread [stack: 0x00007f8d038f9000,0x00007f8d039fa000] [id=65558]
  0x00007f8d240a9800 WatcherThread [stack: 0x00007f8d031f2000,0x00007f8d032f3000] [id=65565]

VM state:at safepoint (normal execution)

VM Mutex/Monitor currently owned by a thread:  ([mutex/lock_event])
[0x00007f8d24007350] Threads_lock - owner thread: 0x00007f8d2406e000
[0x00007f8d24007850] Heap_lock - owner thread: 0x00007f8d2400a000

Heap
 PSYoungGen      total 219648K, used 32752K [0x00000000e0f00000, 0x00000000f0e00000, 0x0000000100000000)
  eden space 186880K, 0% used [0x00000000e0f00000,0x00000000e0f00000,0x00000000ec580000)
  from space 32768K, 99% used [0x00000000ec580000,0x00000000ee57c010,0x00000000ee580000)
  to   space 24064K, 0% used [0x00000000ee580000,0x00000000ee580000,0x00000000efd00000)
 ParOldGen       total 78848K, used 76992K [0x00000000a2e00000, 0x00000000a7b00000, 0x00000000e0f00000)
  object space 78848K, 97% used [0x00000000a2e00000,0x00000000a79300c8,0x00000000a7b00000)
 PSPermGen       total 31744K, used 31487K [0x000000009dc00000, 0x000000009fb00000, 0x00000000a2e00000)
  object space 31744K, 99% used [0x000000009dc00000,0x000000009fabff60,0x000000009fb00000)

Card table byte_map: [0x00007f8d20ced000,0x00007f8d21000000] byte_map_base: 0x00007f8d207ff000

Polling page: 0x00007f8d2aa9d000

Code Cache  [0x00007f8d21000000, 0x00007f8d213e0000, 0x00007f8d24000000)
 total_blobs=1461 nmethods=1111 adapters=301 free_code_cache=45649Kb largest_free_block=46291328

Compilation events (10 events):
Event: 12,817 Thread 0x00007f8d24099000 nmethod 1229% 0x00007f8d2125ea10 code [0x00007f8d2125f280, 0x00007f8d21264860]
Event: 12,817 Thread 0x00007f8d24099000 1230             com.redhat.ceylon.model.typechecker.model.ProducedType::isIntersection (8 bytes)
Event: 12,818 Thread 0x00007f8d24099000 nmethod 1230 0x00007f8d21171cd0 code [0x00007f8d21171e20, 0x00007f8d21171eb8]
Event: 12,818 Thread 0x00007f8d24099000 1231             com.redhat.ceylon.model.typechecker.model.ProducedType::isNothing (8 bytes)
Event: 12,818 Thread 0x00007f8d24099000 nmethod 1231 0x00007f8d211ee250 code [0x00007f8d211ee3a0, 0x00007f8d211ee438]
Event: 12,818 Thread 0x00007f8d24099000 1232   !         com.redhat.ceylon.model.typechecker.model.ProducedType::resolveAliases (80 bytes)
Event: 12,822 Thread 0x00007f8d24099000 nmethod 1232 0x00007f8d212924d0 code [0x00007f8d21292680, 0x00007f8d21292ad0]
Event: 12,822 Thread 0x00007f8d24099000 1233             sun.reflect.generics.reflectiveObjects.TypeVariableImpl::hashCode (16 bytes)
Event: 12,825 Thread 0x00007f8d24099000 nmethod 1233 0x00007f8d211edcd0 code [0x00007f8d211ede20, 0x00007f8d211ee038]
Event: 12,825 Thread 0x00007f8d24099000 1234             com.redhat.ceylon.model.loader.impl.reflect.mirror.ReflectionUtils::getTypeArguments (108 bytes)

GC Heap History (10 events):
Event: 2,246 GC heap after
Heap after GC invocations=4 (full 0):
 PSYoungGen      total 52736K, used 3584K [0x00000000e0f00000, 0x00000000e4600000, 0x0000000100000000)
  eden space 49152K, 0% used [0x00000000e0f00000,0x00000000e0f00000,0x00000000e3f00000)
  from space 3584K, 100% used [0x00000000e4280000,0x00000000e4600000,0x00000000e4600000)
  to   space 3584K, 0% used [0x00000000e3f00000,0x00000000e3f00000,0x00000000e4280000)
 ParOldGen       total 63488K, used 10040K [0x00000000a2e00000, 0x00000000a6c00000, 0x00000000e0f00000)
  object space 63488K, 15% used [0x00000000a2e00000,0x00000000a37ce0c0,0x00000000a6c00000)
 PSPermGen       total 21504K, used 10935K [0x000000009dc00000, 0x000000009f100000, 0x00000000a2e00000)
  object space 21504K, 50% used [0x000000009dc00000,0x000000009e6addb8,0x000000009f100000)
}
Event: 3,817 GC heap before
{Heap before GC invocations=5 (full 0):
 PSYoungGen      total 52736K, used 52736K [0x00000000e0f00000, 0x00000000e4600000, 0x0000000100000000)
  eden space 49152K, 100% used [0x00000000e0f00000,0x00000000e3f00000,0x00000000e3f00000)
  from space 3584K, 100% used [0x00000000e4280000,0x00000000e4600000,0x00000000e4600000)
  to   space 3584K, 0% used [0x00000000e3f00000,0x00000000e3f00000,0x00000000e4280000)
 ParOldGen       total 63488K, used 10040K [0x00000000a2e00000, 0x00000000a6c00000, 0x00000000e0f00000)
  object space 63488K, 15% used [0x00000000a2e00000,0x00000000a37ce0c0,0x00000000a6c00000)
 PSPermGen       total 21504K, used 14039K [0x000000009dc00000, 0x000000009f100000, 0x00000000a2e00000)
  object space 21504K, 65% used [0x000000009dc00000,0x000000009e9b5db8,0x000000009f100000)
Event: 3,857 GC heap after
Heap after GC invocations=5 (full 0):
 PSYoungGen      total 52736K, used 3584K [0x00000000e0f00000, 0x00000000e8800000, 0x0000000100000000)
  eden space 49152K, 0% used [0x00000000e0f00000,0x00000000e0f00000,0x00000000e3f00000)
  from space 3584K, 100% used [0x00000000e3f00000,0x00000000e4280000,0x00000000e4280000)
  to   space 12800K, 0% used [0x00000000e7b80000,0x00000000e7b80000,0x00000000e8800000)
 ParOldGen       total 63488K, used 18293K [0x00000000a2e00000, 0x00000000a6c00000, 0x00000000e0f00000)
  object space 63488K, 28% used [0x00000000a2e00000,0x00000000a3fdd630,0x00000000a6c00000)
 PSPermGen       total 21504K, used 14039K [0x000000009dc00000, 0x000000009f100000, 0x00000000a2e00000)
  object space 21504K, 65% used [0x000000009dc00000,0x000000009e9b5db8,0x000000009f100000)
}
Event: 4,695 GC heap before
{Heap before GC invocations=6 (full 0):
 PSYoungGen      total 52736K, used 52736K [0x00000000e0f00000, 0x00000000e8800000, 0x0000000100000000)
  eden space 49152K, 100% used [0x00000000e0f00000,0x00000000e3f00000,0x00000000e3f00000)
  from space 3584K, 100% used [0x00000000e3f00000,0x00000000e4280000,0x00000000e4280000)
  to   space 12800K, 0% used [0x00000000e7b80000,0x00000000e7b80000,0x00000000e8800000)
 ParOldGen       total 63488K, used 18293K [0x00000000a2e00000, 0x00000000a6c00000, 0x00000000e0f00000)
  object space 63488K, 28% used [0x00000000a2e00000,0x00000000a3fdd630,0x00000000a6c00000)
 PSPermGen       total 21504K, used 15309K [0x000000009dc00000, 0x000000009f100000, 0x00000000a2e00000)
  object space 21504K, 71% used [0x000000009dc00000,0x000000009eaf3538,0x000000009f100000)
Event: 4,724 GC heap after
Heap after GC invocations=6 (full 0):
 PSYoungGen      total 110592K, used 9644K [0x00000000e0f00000, 0x00000000e8900000, 0x0000000100000000)
  eden space 97792K, 0% used [0x00000000e0f00000,0x00000000e0f00000,0x00000000e6e80000)
  from space 12800K, 75% used [0x00000000e7b80000,0x00000000e84eb3d8,0x00000000e8800000)
  to   space 13312K, 0% used [0x00000000e6e80000,0x00000000e6e80000,0x00000000e7b80000)
 ParOldGen       total 63488K, used 18293K [0x00000000a2e00000, 0x00000000a6c00000, 0x00000000e0f00000)
  object space 63488K, 28% used [0x00000000a2e00000,0x00000000a3fdd630,0x00000000a6c00000)
 PSPermGen       total 21504K, used 15309K [0x000000009dc00000, 0x000000009f100000, 0x00000000a2e00000)
  object space 21504K, 71% used [0x000000009dc00000,0x000000009eaf3538,0x000000009f100000)
}
Event: 6,832 GC heap before
{Heap before GC invocations=7 (full 0):
 PSYoungGen      total 110592K, used 107436K [0x00000000e0f00000, 0x00000000e8900000, 0x0000000100000000)
  eden space 97792K, 100% used [0x00000000e0f00000,0x00000000e6e80000,0x00000000e6e80000)
  from space 12800K, 75% used [0x00000000e7b80000,0x00000000e84eb3d8,0x00000000e8800000)
  to   space 13312K, 0% used [0x00000000e6e80000,0x00000000e6e80000,0x00000000e7b80000)
 ParOldGen       total 63488K, used 18293K [0x00000000a2e00000, 0x00000000a6c00000, 0x00000000e0f00000)
  object space 63488K, 28% used [0x00000000a2e00000,0x00000000a3fdd630,0x00000000a6c00000)
 PSPermGen       total 23552K, used 23375K [0x000000009dc00000, 0x000000009f300000, 0x00000000a2e00000)
  object space 23552K, 99% used [0x000000009dc00000,0x000000009f2d3e30,0x000000009f300000)
Event: 6,875 GC heap after
Heap after GC invocations=7 (full 0):
 PSYoungGen      total 111104K, used 13300K [0x00000000e0f00000, 0x00000000efd00000, 0x0000000100000000)
  eden space 97792K, 0% used [0x00000000e0f00000,0x00000000e0f00000,0x00000000e6e80000)
  from space 13312K, 99% used [0x00000000e6e80000,0x00000000e7b7d010,0x00000000e7b80000)
  to   space 24064K, 0% used [0x00000000ee580000,0x00000000ee580000,0x00000000efd00000)
 ParOldGen       total 63488K, used 35649K [0x00000000a2e00000, 0x00000000a6c00000, 0x00000000e0f00000)
  object space 63488K, 56% used [0x00000000a2e00000,0x00000000a50d0430,0x00000000a6c00000)
 PSPermGen       total 23552K, used 23375K [0x000000009dc00000, 0x000000009f300000, 0x00000000a2e00000)
  object space 23552K, 99% used [0x000000009dc00000,0x000000009f2d3e30,0x000000009f300000)
}
Event: 8,862 GC heap before
{Heap before GC invocations=8 (full 0):
 PSYoungGen      total 111104K, used 111092K [0x00000000e0f00000, 0x00000000efd00000, 0x0000000100000000)
  eden space 97792K, 100% used [0x00000000e0f00000,0x00000000e6e80000,0x00000000e6e80000)
  from space 13312K, 99% used [0x00000000e6e80000,0x00000000e7b7d010,0x00000000e7b80000)
  to   space 24064K, 0% used [0x00000000ee580000,0x00000000ee580000,0x00000000efd00000)
 ParOldGen       total 63488K, used 35649K [0x00000000a2e00000, 0x00000000a6c00000, 0x00000000e0f00000)
  object space 63488K, 56% used [0x00000000a2e00000,0x00000000a50d0430,0x00000000a6c00000)
 PSPermGen       total 27136K, used 26831K [0x000000009dc00000, 0x000000009f680000, 0x00000000a2e00000)
  object space 27136K, 98% used [0x000000009dc00000,0x000000009f633f68,0x000000009f680000)
Event: 8,924 GC heap after
Heap after GC invocations=8 (full 0):
 PSYoungGen      total 210944K, used 24064K [0x00000000e0f00000, 0x00000000f0e00000, 0x0000000100000000)
  eden space 186880K, 0% used [0x00000000e0f00000,0x00000000e0f00000,0x00000000ec580000)
  from space 24064K, 100% used [0x00000000ee580000,0x00000000efd00000,0x00000000efd00000)
  to   space 32768K, 0% used [0x00000000ec580000,0x00000000ec580000,0x00000000ee580000)
 ParOldGen       total 63488K, used 45628K [0x00000000a2e00000, 0x00000000a6c00000, 0x00000000e0f00000)
  object space 63488K, 71% used [0x00000000a2e00000,0x00000000a5a8f3e8,0x00000000a6c00000)
 PSPermGen       total 27136K, used 26831K [0x000000009dc00000, 0x000000009f680000, 0x00000000a2e00000)
  object space 27136K, 98% used [0x000000009dc00000,0x000000009f633f68,0x000000009f680000)
}
Event: 12,849 GC heap before
{Heap before GC invocations=9 (full 0):
 PSYoungGen      total 210944K, used 210944K [0x00000000e0f00000, 0x00000000f0e00000, 0x0000000100000000)
  eden space 186880K, 100% used [0x00000000e0f00000,0x00000000ec580000,0x00000000ec580000)
  from space 24064K, 100% used [0x00000000ee580000,0x00000000efd00000,0x00000000efd00000)
  to   space 32768K, 0% used [0x00000000ec580000,0x00000000ec580000,0x00000000ee580000)
 ParOldGen       total 63488K, used 45628K [0x00000000a2e00000, 0x00000000a6c00000, 0x00000000e0f00000)
  object space 63488K, 71% used [0x00000000a2e00000,0x00000000a5a8f3e8,0x00000000a6c00000)
 PSPermGen       total 31744K, used 31487K [0x000000009dc00000, 0x000000009fb00000, 0x00000000a2e00000)
  object space 31744K, 99% used [0x000000009dc00000,0x000000009fabff60,0x000000009fb00000)

Deoptimization events (10 events):
Event: 10,017 Thread 0x00007f8d2400a000 Uncommon trap: reason=class_check action=maybe_recompile pc=0x00007f8d2118055c method=java.lang.reflect.Array.newInstance(Ljava/lang/Class;I)Ljava/lang/Object; @ 2
Event: 10,213 Thread 0x00007f8d2400a000 Uncommon trap: reason=unreached action=reinterpret pc=0x00007f8d2132745c method=com.redhat.ceylon.model.cmr.JDKUtils.isJDKPackage(Ljava/lang/String;Ljava/lang/String;)Z @ 17
Event: 10,215 Thread 0x00007f8d2400a000 Uncommon trap: reason=unreached action=reinterpret pc=0x00007f8d2133cb24 method=com.redhat.ceylon.model.cmr.JDKUtils.isJDKPackage(Ljava/lang/String;Ljava/lang/String;)Z @ 17
Event: 10,840 Thread 0x00007f8d2400a000 Uncommon trap: reason=unreached action=reinterpret pc=0x00007f8d213197cc method=com.redhat.ceylon.model.cmr.JDKUtils.isJDKPackage(Ljava/lang/String;Ljava/lang/String;)Z @ 17
Event: 12,476 Thread 0x00007f8d2400a000 Uncommon trap: reason=unreached action=reinterpret pc=0x00007f8d2139da54 method=com.redhat.ceylon.model.loader.AbstractModelLoader.isUncheckedNull(Lcom/redhat/ceylon/model/loader/mirror/AnnotatedMirror;)Z @ 13
Event: 12,476 Thread 0x00007f8d2400a000 Uncommon trap: reason=unreached action=reinterpret pc=0x00007f8d21285268 method=com.redhat.ceylon.model.loader.AbstractModelLoader.setParameters(Lcom/redhat/ceylon/model/typechecker/model/Functional;Lcom/redhat/ceylon/model/loader/mirror/ClassMirror;Lcom/
Event: 12,477 Thread 0x00007f8d2400a000 Uncommon trap: reason=unreached action=reinterpret pc=0x00007f8d2112a2cc method=com.redhat.ceylon.model.loader.AbstractModelLoader.isUncheckedNull(Lcom/redhat/ceylon/model/loader/mirror/AnnotatedMirror;)Z @ 13
Event: 12,478 Thread 0x00007f8d2400a000 Uncommon trap: reason=unreached action=reinterpret pc=0x00007f8d212431b4 method=com.redhat.ceylon.model.loader.AbstractModelLoader.addValue(Lcom/redhat/ceylon/model/typechecker/model/ClassOrInterface;Ljava/lang/String;Lcom/redhat/ceylon/model/loader/mirro
Event: 12,549 Thread 0x00007f8d2400a000 Uncommon trap: reason=unreached action=reinterpret pc=0x00007f8d211c35bc method=java.util.HashMap.removeEntryForKey(Ljava/lang/Object;)Ljava/util/HashMap$Entry; @ 47
Event: 12,549 Thread 0x00007f8d2400a000 Uncommon trap: reason=unreached action=reinterpret pc=0x00007f8d2116ac00 method=java.util.HashMap.removeEntryForKey(Ljava/lang/Object;)Ljava/util/HashMap$Entry; @ 47

Internal exceptions (10 events):
Event: 12,836 Thread 0x00007f8d2400a000 Threw 0x00000000ec4e6f58 at /HUDSON/workspace/7u-2-build-linux-amd64/jdk7u71/1605/hotspot/src/share/vm/prims/jvm.cpp:1281
Event: 12,836 Thread 0x00007f8d2400a000 Threw 0x00000000ec4e92f8 at /HUDSON/workspace/7u-2-build-linux-amd64/jdk7u71/1605/hotspot/src/share/vm/prims/jvm.cpp:1281
Event: 12,839 Thread 0x00007f8d2400a000 Threw 0x00000000ec5069d8 at /HUDSON/workspace/7u-2-build-linux-amd64/jdk7u71/1605/hotspot/src/share/vm/prims/jvm.cpp:1281
Event: 12,839 Thread 0x00007f8d2400a000 Threw 0x00000000ec508d78 at /HUDSON/workspace/7u-2-build-linux-amd64/jdk7u71/1605/hotspot/src/share/vm/prims/jvm.cpp:1281
Event: 12,841 Thread 0x00007f8d2400a000 Threw 0x00000000ec526368 at /HUDSON/workspace/7u-2-build-linux-amd64/jdk7u71/1605/hotspot/src/share/vm/prims/jvm.cpp:1281
Event: 12,842 Thread 0x00007f8d2400a000 Threw 0x00000000ec528708 at /HUDSON/workspace/7u-2-build-linux-amd64/jdk7u71/1605/hotspot/src/share/vm/prims/jvm.cpp:1281
Event: 12,844 Thread 0x00007f8d2400a000 Threw 0x00000000ec5457c8 at /HUDSON/workspace/7u-2-build-linux-amd64/jdk7u71/1605/hotspot/src/share/vm/prims/jvm.cpp:1281
Event: 12,844 Thread 0x00007f8d2400a000 Threw 0x00000000ec547b68 at /HUDSON/workspace/7u-2-build-linux-amd64/jdk7u71/1605/hotspot/src/share/vm/prims/jvm.cpp:1281
Event: 12,847 Thread 0x00007f8d2400a000 Threw 0x00000000ec564fe0 at /HUDSON/workspace/7u-2-build-linux-amd64/jdk7u71/1605/hotspot/src/share/vm/prims/jvm.cpp:1281
Event: 12,847 Thread 0x00007f8d2400a000 Threw 0x00000000ec567380 at /HUDSON/workspace/7u-2-build-linux-amd64/jdk7u71/1605/hotspot/src/share/vm/prims/jvm.cpp:1281

Events (10 events):
Event: 12,836 loading class 0x00007f8d245093d0 done
Event: 12,838 loading class 0x00007f8d245093d0
Event: 12,838 loading class 0x00007f8d245093d0 done
Event: 12,841 loading class 0x00007f8d245093d0
Event: 12,841 loading class 0x00007f8d245093d0 done
Event: 12,844 loading class 0x00007f8d245093d0
Event: 12,844 loading class 0x00007f8d245093d0 done
Event: 12,847 loading class 0x00007f8d245093d0
Event: 12,847 loading class 0x00007f8d245093d0 done
Event: 12,849 Executing VM operation: ParallelGCFailedAllocation


Dynamic libraries:
00400000-00401000 r-xp 00000000 08:01 529639                             /usr/java/jdk1.7.0_71/jre/bin/java
00600000-00601000 rw-p 00000000 08:01 529639                             /usr/java/jdk1.7.0_71/jre/bin/java
0180c000-0182d000 rw-p 00000000 00:00 0                                  [heap]
9dc00000-9fb00000 rw-p 00000000 00:00 0 
9fb00000-a2e00000 rw-p 00000000 00:00 0 
a2e00000-a7b00000 rw-p 00000000 00:00 0 
a7b00000-e0f00000 rw-p 00000000 00:00 0 
e0f00000-f0e00000 rw-p 00000000 00:00 0 
f9700000-100000000 rw-p 00000000 00:00 0 
7f8cd8000000-7f8cd8021000 rw-p 00000000 00:00 0 
7f8cd8021000-7f8cdc000000 ---p 00000000 00:00 0 
7f8cdc000000-7f8cdc021000 rw-p 00000000 00:00 0 
7f8cdc021000-7f8ce0000000 ---p 00000000 00:00 0 
7f8ce0000000-7f8ce38a6000 rw-p 00000000 00:00 0 
7f8ce38a6000-7f8ce4000000 ---p 00000000 00:00 0 
7f8ce4000000-7f8ce67b9000 rw-p 00000000 00:00 0 
7f8ce67b9000-7f8ce8000000 ---p 00000000 00:00 0 
7f8ce8000000-7f8ce8021000 rw-p 00000000 00:00 0 
7f8ce8021000-7f8cec000000 ---p 00000000 00:00 0 
7f8ceda8d000-7f8cf4000000 r--p 00000000 08:01 546148                     /usr/lib/locale/locale-archive
7f8cf4000000-7f8cf4021000 rw-p 00000000 00:00 0 
7f8cf4021000-7f8cf8000000 ---p 00000000 00:00 0 
7f8cf8000000-7f8cf8021000 rw-p 00000000 00:00 0 
7f8cf8021000-7f8cfc000000 ---p 00000000 00:00 0 
7f8cfc000000-7f8cfc288000 rw-p 00000000 00:00 0 
7f8cfc288000-7f8d00000000 ---p 00000000 00:00 0 
7f8d03160000-7f8d03161000 rw-p 00000000 00:00 0 
7f8d03161000-7f8d0316c000 r--s 0037c000 08:01 531987                     /usr/java/jdk1.7.0_71/jre/lib/charsets.jar
7f8d0316c000-7f8d03178000 r--s 000af000 08:01 543933                     /usr/java/jdk1.7.0_71/jre/lib/resources.jar
7f8d03178000-7f8d0317e000 r--s 0005e000 08:11 264673                     /home/ceylon/ceylon/ceylon-dist/dist/repo/com/redhat/ceylon/model/1.1.1/com.redhat.ceylon.model-1.1.1.jar
7f8d0317e000-7f8d03180000 r--s 00010000 08:11 267037                     /home/ceylon/ceylon/ceylon-dist/dist/repo/org/jboss/jandex/1.0.3.Final/org.jboss.jandex-1.0.3.Final.jar
7f8d03180000-7f8d03186000 r--s 0003b000 08:11 264707                     /home/ceylon/ceylon/ceylon-dist/dist/repo/org/apache/commons/codec/1.8/org.apache.commons.codec-1.8.jar
7f8d03186000-7f8d03188000 r--s 00014000 08:11 263885                     /home/ceylon/ceylon/ceylon-dist/dist/repo/org/tautua/markdownpapers/core/1.2.7/org.tautua.markdownpapers.core-1.2.7.jar
7f8d03188000-7f8d0318e000 r--s 00047000 08:11 264686                     /home/ceylon/ceylon/ceylon-dist/dist/repo/com/redhat/ceylon/module-resolver/1.1.1/com.redhat.ceylon.module-resolver-1.1.1.jar
7f8d0318e000-7f8d031b9000 r--s 00205000 08:11 264684                     /home/ceylon/ceylon/ceylon-dist/dist/repo/com/redhat/ceylon/maven-support/2.0/com.redhat.ceylon.maven-support-2.0.jar
7f8d031b9000-7f8d031ba000 r--s 00000000 00:24 1578368                    /tmp/ceylon-module-runner-9141831732449968421/modules/required/1/modules.required-1.car
7f8d031ba000-7f8d031be000 r--s 0004b000 08:11 266940                     /home/ceylon/ceylon/ceylon-dist/dist/repo/com/redhat/ceylon/compiler/js/1.1.1/com.redhat.ceylon.compiler.js-1.1.1.jar
7f8d031be000-7f8d031c4000 r--s 00052000 08:11 267034                     /home/ceylon/ceylon/ceylon-dist/dist/repo/org/jboss/modules/1.3.3.Final/org.jboss.modules-1.3.3.Final.jar
7f8d031c4000-7f8d031c8000 r--s 00025000 08:11 267044                     /home/ceylon/ceylon/ceylon-dist/dist/repo/org/antlr/runtime/3.4/org.antlr.runtime-3.4.jar
7f8d031c8000-7f8d031cb000 r--s 00022000 08:11 267047                     /home/ceylon/ceylon/ceylon-dist/dist/repo/org/antlr/stringtemplate/3.2.1/org.antlr.stringtemplate-3.2.1.jar
7f8d031cb000-7f8d031ce000 r--s 0000b000 08:11 264695                     /home/ceylon/ceylon/ceylon-dist/dist/repo/net/minidev/json-smart/1.1.1/net.minidev.json-smart-1.1.1.jar
7f8d031ce000-7f8d031e2000 r--s 00146000 08:11 267053                     /home/ceylon/ceylon/ceylon-dist/dist/repo/ceylon/language/1.1.1/ceylon.language-1.1.1.car
7f8d031e2000-7f8d031e4000 r--s 00005000 08:11 264721                     /home/ceylon/ceylon/ceylon-dist/dist/repo/org/slf4j/api/1.6.1/org.slf4j.api-1.6.1.jar
7f8d031e4000-7f8d031f2000 r--s 000a4000 00:24 1578359                    /tmp/ceylon-module-runner-9141831732449968421/metamodel/0.1/metamodel-0.1.car
7f8d031f2000-7f8d031f3000 ---p 00000000 00:00 0 
7f8d031f3000-7f8d032f3000 rw-p 00000000 00:00 0                          [stack:65565]
7f8d032f3000-7f8d032f6000 ---p 00000000 00:00 0 
7f8d032f6000-7f8d033f4000 rw-p 00000000 00:00 0                          [stack:65564]
7f8d033f4000-7f8d033f7000 ---p 00000000 00:00 0 
7f8d033f7000-7f8d034f5000 rw-p 00000000 00:00 0                          [stack:65563]
7f8d034f5000-7f8d034f8000 ---p 00000000 00:00 0 
7f8d034f8000-7f8d035f6000 rw-p 00000000 00:00 0                          [stack:65562]
7f8d035f6000-7f8d035f9000 ---p 00000000 00:00 0 
7f8d035f9000-7f8d036f7000 rw-p 00000000 00:00 0                          [stack:65561]
7f8d036f7000-7f8d036fa000 ---p 00000000 00:00 0 
7f8d036fa000-7f8d037f8000 rw-p 00000000 00:00 0                          [stack:65560]
7f8d037f8000-7f8d037fb000 ---p 00000000 00:00 0 
7f8d037fb000-7f8d038f9000 rw-p 00000000 00:00 0                          [stack:65559]
7f8d038f9000-7f8d038fa000 ---p 00000000 00:00 0 
7f8d038fa000-7f8d04000000 rw-p 00000000 00:00 0                          [stack:65558]
7f8d04000000-7f8d04021000 rw-p 00000000 00:00 0 
7f8d04021000-7f8d08000000 ---p 00000000 00:00 0 
7f8d08000000-7f8d08021000 rw-p 00000000 00:00 0 
7f8d08021000-7f8d0c000000 ---p 00000000 00:00 0 
7f8d0c000000-7f8d0c021000 rw-p 00000000 00:00 0 
7f8d0c021000-7f8d10000000 ---p 00000000 00:00 0 
7f8d10000000-7f8d1001e000 r--s 00282000 08:11 266789                     /home/ceylon/ceylon/ceylon-dist/dist/repo/com/redhat/ceylon/compiler/java/1.1.1/com.redhat.ceylon.compiler.java-1.1.1.jar
7f8d1001e000-7f8d1002d000 r--s 000fc000 08:11 265246                     /home/ceylon/ceylon/ceylon-dist/dist/repo/com/redhat/ceylon/typechecker/1.1.1/com.redhat.ceylon.typechecker-1.1.1.jar
7f8d1002d000-7f8d14000000 rw-p 00000000 00:00 0 
7f8d14000000-7f8d14021000 rw-p 00000000 00:00 0 
7f8d14021000-7f8d18000000 ---p 00000000 00:00 0 
7f8d18000000-7f8d18021000 rw-p 00000000 00:00 0 
7f8d18021000-7f8d1c000000 ---p 00000000 00:00 0 
7f8d1c000000-7f8d1c021000 rw-p 00000000 00:00 0 
7f8d1c021000-7f8d20000000 ---p 00000000 00:00 0 
7f8d20000000-7f8d20004000 r--s 00019000 08:11 264681                     /home/ceylon/ceylon/ceylon-dist/dist/repo/com/github/lookfirst/sardine/5.1/com.github.lookfirst.sardine-5.1.jar
7f8d20004000-7f8d2000b000 r--s 00053000 08:11 263878                     /home/ceylon/ceylon/ceylon-dist/dist/repo/com/redhat/ceylon/common/1.1.1/com.redhat.ceylon.common-1.1.1.jar
7f8d2000b000-7f8d20012000 r--s 0003f000 08:11 264717                     /home/ceylon/ceylon/ceylon-dist/dist/repo/org/apache/httpcomponents/httpcore/4.3.2/org.apache.httpcomponents.httpcore-4.3.2.jar
7f8d20012000-7f8d201a0000 rw-p 00000000 00:00 0 
7f8d201a0000-7f8d2035f000 r--s 039e9000 08:01 548327                     /usr/java/jdk1.7.0_71/jre/lib/rt.jar
7f8d2035f000-7f8d206e7000 rw-p 00000000 00:00 0 
7f8d206e7000-7f8d206e8000 ---p 00000000 00:00 0 
7f8d206e8000-7f8d207e8000 rw-p 00000000 00:00 0                          [stack:65557]
7f8d207e8000-7f8d207e9000 ---p 00000000 00:00 0 
7f8d207e9000-7f8d208e9000 rw-p 00000000 00:00 0                          [stack:65556]
7f8d208e9000-7f8d208ea000 ---p 00000000 00:00 0 
7f8d208ea000-7f8d209ea000 rw-p 00000000 00:00 0                          [stack:65555]
7f8d209ea000-7f8d209eb000 ---p 00000000 00:00 0 
7f8d209eb000-7f8d20aeb000 rw-p 00000000 00:00 0                          [stack:65554]
7f8d20aeb000-7f8d20aec000 ---p 00000000 00:00 0 
7f8d20aec000-7f8d20bec000 rw-p 00000000 00:00 0                          [stack:65553]
7f8d20bec000-7f8d20bed000 ---p 00000000 00:00 0 
7f8d20bed000-7f8d20cfd000 rw-p 00000000 00:00 0                          [stack:65552]
7f8d20cfd000-7f8d20d16000 rw-p 00000000 00:00 0 
7f8d20d16000-7f8d20d3d000 rw-p 00000000 00:00 0 
7f8d20d3d000-7f8d20f06000 rw-p 00000000 00:00 0 
7f8d20f06000-7f8d20f86000 rw-p 00000000 00:00 0 
7f8d20f86000-7f8d20fff000 rw-p 00000000 00:00 0 
7f8d20fff000-7f8d21000000 rw-p 00000000 00:00 0 
7f8d21000000-7f8d213e0000 rwxp 00000000 00:00 0 
7f8d213e0000-7f8d24e33000 rw-p 00000000 00:00 0 
7f8d24e33000-7f8d28000000 ---p 00000000 00:00 0 
7f8d28000000-7f8d28006000 r--s 00067000 08:11 267050                     /home/ceylon/ceylon/ceylon-dist/dist/repo/org/antlr/antlr/2.7.7/org.antlr.antlr-2.7.7.jar
7f8d28006000-7f8d28099000 rw-p 00000000 00:00 0 
7f8d28099000-7f8d280b2000 rw-p 00000000 00:00 0 
7f8d280b2000-7f8d280d9000 rw-p 00000000 00:00 0 
7f8d280d9000-7f8d282a3000 rw-p 00000000 00:00 0 
7f8d282a3000-7f8d282bd000 r-xp 00000000 08:01 529860                     /usr/java/jdk1.7.0_71/jre/lib/amd64/libzip.so
7f8d282bd000-7f8d284bd000 ---p 0001a000 08:01 529860                     /usr/java/jdk1.7.0_71/jre/lib/amd64/libzip.so
7f8d284bd000-7f8d284be000 rw-p 0001a000 08:01 529860                     /usr/java/jdk1.7.0_71/jre/lib/amd64/libzip.so
7f8d284be000-7f8d284ca000 r-xp 00000000 08:01 528521                     /usr/lib64/libnss_files-2.20.so
7f8d284ca000-7f8d286c9000 ---p 0000c000 08:01 528521                     /usr/lib64/libnss_files-2.20.so
7f8d286c9000-7f8d286ca000 r--p 0000b000 08:01 528521                     /usr/lib64/libnss_files-2.20.so
7f8d286ca000-7f8d286cb000 rw-p 0000c000 08:01 528521                     /usr/lib64/libnss_files-2.20.so
7f8d286cb000-7f8d286f4000 r-xp 00000000 08:01 529741                     /usr/java/jdk1.7.0_71/jre/lib/amd64/libjava.so
7f8d286f4000-7f8d288f4000 ---p 00029000 08:01 529741                     /usr/java/jdk1.7.0_71/jre/lib/amd64/libjava.so
7f8d288f4000-7f8d288f6000 rw-p 00029000 08:01 529741                     /usr/java/jdk1.7.0_71/jre/lib/amd64/libjava.so
7f8d288f6000-7f8d28903000 r-xp 00000000 08:01 529859                     /usr/java/jdk1.7.0_71/jre/lib/amd64/libverify.so
7f8d28903000-7f8d28b02000 ---p 0000d000 08:01 529859                     /usr/java/jdk1.7.0_71/jre/lib/amd64/libverify.so
7f8d28b02000-7f8d28b04000 rw-p 0000c000 08:01 529859                     /usr/java/jdk1.7.0_71/jre/lib/amd64/libverify.so
7f8d28b04000-7f8d28b0b000 r-xp 00000000 08:01 528631                     /usr/lib64/librt-2.20.so
7f8d28b0b000-7f8d28d0a000 ---p 00007000 08:01 528631                     /usr/lib64/librt-2.20.so
7f8d28d0a000-7f8d28d0b000 r--p 00006000 08:01 528631                     /usr/lib64/librt-2.20.so
7f8d28d0b000-7f8d28d0c000 rw-p 00007000 08:01 528631                     /usr/lib64/librt-2.20.so
7f8d28d0c000-7f8d28e13000 r-xp 00000000 08:01 528126                     /usr/lib64/libm-2.20.so
7f8d28e13000-7f8d29012000 ---p 00107000 08:01 528126                     /usr/lib64/libm-2.20.so
7f8d29012000-7f8d29013000 r--p 00106000 08:01 528126                     /usr/lib64/libm-2.20.so
7f8d29013000-7f8d29014000 rw-p 00107000 08:01 528126                     /usr/lib64/libm-2.20.so
7f8d29014000-7f8d29b86000 r-xp 00000000 08:01 529877                     /usr/java/jdk1.7.0_71/jre/lib/amd64/server/libjvm.so
7f8d29b86000-7f8d29d85000 ---p 00b72000 08:01 529877                     /usr/java/jdk1.7.0_71/jre/lib/amd64/server/libjvm.so
7f8d29d85000-7f8d29e4a000 rw-p 00b71000 08:01 529877                     /usr/java/jdk1.7.0_71/jre/lib/amd64/server/libjvm.so
7f8d29e4a000-7f8d29e8a000 rw-p 00000000 00:00 0 
7f8d29e8a000-7f8d2a03d000 r-xp 00000000 08:01 527993                     /usr/lib64/libc-2.20.so
7f8d2a03d000-7f8d2a23d000 ---p 001b3000 08:01 527993                     /usr/lib64/libc-2.20.so
7f8d2a23d000-7f8d2a241000 r--p 001b3000 08:01 527993                     /usr/lib64/libc-2.20.so
7f8d2a241000-7f8d2a243000 rw-p 001b7000 08:01 527993                     /usr/lib64/libc-2.20.so
7f8d2a243000-7f8d2a247000 rw-p 00000000 00:00 0 
7f8d2a247000-7f8d2a24a000 r-xp 00000000 08:01 528103                     /usr/lib64/libdl-2.20.so
7f8d2a24a000-7f8d2a449000 ---p 00003000 08:01 528103                     /usr/lib64/libdl-2.20.so
7f8d2a449000-7f8d2a44a000 r--p 00002000 08:01 528103                     /usr/lib64/libdl-2.20.so
7f8d2a44a000-7f8d2a44b000 rw-p 00003000 08:01 528103                     /usr/lib64/libdl-2.20.so
7f8d2a44b000-7f8d2a461000 r-xp 00000000 08:01 529686                     /usr/java/jdk1.7.0_71/jre/lib/amd64/jli/libjli.so
7f8d2a461000-7f8d2a661000 ---p 00016000 08:01 529686                     /usr/java/jdk1.7.0_71/jre/lib/amd64/jli/libjli.so
7f8d2a661000-7f8d2a662000 rw-p 00016000 08:01 529686                     /usr/java/jdk1.7.0_71/jre/lib/amd64/jli/libjli.so
7f8d2a662000-7f8d2a679000 r-xp 00000000 08:01 528525                     /usr/lib64/libpthread-2.20.so
7f8d2a679000-7f8d2a878000 ---p 00017000 08:01 528525                     /usr/lib64/libpthread-2.20.so
7f8d2a878000-7f8d2a879000 r--p 00016000 08:01 528525                     /usr/lib64/libpthread-2.20.so
7f8d2a879000-7f8d2a87a000 rw-p 00017000 08:01 528525                     /usr/lib64/libpthread-2.20.so
7f8d2a87a000-7f8d2a87e000 rw-p 00000000 00:00 0 
7f8d2a87e000-7f8d2a89f000 r-xp 00000000 08:01 535714                     /usr/lib64/ld-2.20.so
7f8d2a89f000-7f8d2a8a1000 r--s 0000b000 08:11 266788                     /home/ceylon/ceylon/ceylon-dist/dist/repo/com/github/rjeschke/txtmark/0.11/com.github.rjeschke.txtmark-0.11.jar
7f8d2a8a1000-7f8d2a8d0000 rw-p 00000000 00:00 0 
7f8d2a8d0000-7f8d2a980000 rw-p 00000000 00:00 0 
7f8d2a980000-7f8d2a983000 ---p 00000000 00:00 0 
7f8d2a983000-7f8d2aa85000 rw-p 00000000 00:00 0                          [stack:65551]
7f8d2aa85000-7f8d2aa86000 r--s 00000000 00:24 1578332                    /tmp/ceylon-module-runner-9141831732449968421/modules/imported/1/modules.imported-1.car
7f8d2aa86000-7f8d2aa88000 r--s 0000e000 08:11 264710                     /home/ceylon/ceylon/ceylon-dist/dist/repo/org/apache/commons/logging/1.1.1/org.apache.commons.logging-1.1.1.jar
7f8d2aa88000-7f8d2aa94000 r--s 00085000 08:11 264714                     /home/ceylon/ceylon/ceylon-dist/dist/repo/org/apache/httpcomponents/httpclient/4.3.2/org.apache.httpcomponents.httpclient-4.3.2.jar
7f8d2aa94000-7f8d2aa9c000 rw-s 00000000 00:24 1590255                    /tmp/hsperfdata_ceylon/65550
7f8d2aa9c000-7f8d2aa9d000 rw-p 00000000 00:00 0 
7f8d2aa9d000-7f8d2aa9e000 ---p 00000000 00:00 0 
7f8d2aa9e000-7f8d2aa9f000 rw-p 00000000 00:00 0 
7f8d2aa9f000-7f8d2aaa0000 r--p 00021000 08:01 535714                     /usr/lib64/ld-2.20.so
7f8d2aaa0000-7f8d2aaa1000 rw-p 00022000 08:01 535714                     /usr/lib64/ld-2.20.so
7f8d2aaa1000-7f8d2aaa2000 rw-p 00000000 00:00 0 
7ffff5cd1000-7ffff5cf3000 rw-p 00000000 00:00 0                          [stack]
7ffff5d70000-7ffff5d72000 r--p 00000000 00:00 0                          [vvar]
7ffff5d72000-7ffff5d74000 r-xp 00000000 00:00 0                          [vdso]
ffffffffff600000-ffffffffff601000 r-xp 00000000 00:00 0                  [vsyscall]

VM Arguments:
java_command: com.redhat.ceylon.compiler.java.runtime.Main metamodel/0.1 metamodel.run_
Launcher Type: SUN_STANDARD

Environment Variables:
PATH=/usr/local/bin:/usr/local/sbin:/usr/bin:/usr/sbin:/bin:/sbin:/home/ceylon/.local/bin:/home/ceylon/bin:/opt/eclipse
USERNAME=ceylon
SHELL=/bin/bash
DISPLAY=:0

Signal Handlers:
SIGSEGV: [libjvm.so+0x9a1330], sa_mask[0]=0x7ffbfeff, sa_flags=0x10000004
SIGBUS: [libjvm.so+0x9a1330], sa_mask[0]=0x7ffbfeff, sa_flags=0x10000004
SIGFPE: [libjvm.so+0x81b390], sa_mask[0]=0x7ffbfeff, sa_flags=0x10000004
SIGPIPE: [libjvm.so+0x81b390], sa_mask[0]=0x7ffbfeff, sa_flags=0x10000004
SIGXFSZ: [libjvm.so+0x81b390], sa_mask[0]=0x7ffbfeff, sa_flags=0x10000004
SIGILL: [libjvm.so+0x81b390], sa_mask[0]=0x7ffbfeff, sa_flags=0x10000004
SIGUSR1: SIG_DFL, sa_mask[0]=0x00000000, sa_flags=0x00000000
SIGUSR2: [libjvm.so+0x81cb90], sa_mask[0]=0x00000004, sa_flags=0x10000004
SIGHUP: [libjvm.so+0x81dc90], sa_mask[0]=0x7ffbfeff, sa_flags=0x10000004
SIGINT: [libjvm.so+0x81dc90], sa_mask[0]=0x7ffbfeff, sa_flags=0x10000004
SIGTERM: [libjvm.so+0x81dc90], sa_mask[0]=0x7ffbfeff, sa_flags=0x10000004
SIGQUIT: [libjvm.so+0x81dc90], sa_mask[0]=0x7ffbfeff, sa_flags=0x10000004


---------------  S Y S T E M  ---------------

OS:Fedora release 21 (Twenty One)

uname:Linux 3.19.7-200.fc21.x86_64 #1 SMP Thu May 7 22:00:21 UTC 2015 x86_64
libc:glibc 2.20 NPTL 2.20 
rlimit: STACK 8192k, CORE 0k, NPROC 4096, NOFILE 4096, AS infinity
load average:6,65 3,61 1,91

/proc/meminfo:
MemTotal:        6095396 kB
MemFree:          126952 kB
MemAvailable:     100352 kB
Buffers:            8628 kB
Cached:           108216 kB
SwapCached:        17152 kB
Active:          4150360 kB
Inactive:        1076600 kB
Active(anon):    4118080 kB
Inactive(anon):  1046364 kB
Active(file):      32280 kB
Inactive(file):    30236 kB
Unevictable:      270488 kB
Mlocked:          270488 kB
SwapTotal:        487420 kB
SwapFree:              0 kB
Dirty:              3008 kB
Writeback:             0 kB
AnonPages:       5364144 kB
Mapped:            75204 kB
Shmem:             54132 kB
Slab:             130988 kB
SReclaimable:      53212 kB
SUnreclaim:        77776 kB
KernelStack:       11088 kB
PageTables:        50772 kB
NFS_Unstable:          0 kB
Bounce:                0 kB
WritebackTmp:          0 kB
CommitLimit:     3535116 kB
Committed_AS:    8426608 kB
VmallocTotal:   34359738367 kB
VmallocUsed:      198584 kB
VmallocChunk:   34359442008 kB
HardwareCorrupted:     0 kB
AnonHugePages:         0 kB
HugePages_Total:       0
HugePages_Free:        0
HugePages_Rsvd:        0
HugePages_Surp:        0
Hugepagesize:       2048 kB
DirectMap4k:      384832 kB
DirectMap2M:     5906432 kB


CPU:total 6 (3 cores per cpu, 1 threads per core) family 6 model 62 stepping 4, cmov, cx8, fxsr, mmx, sse, sse2, sse3, ssse3, sse4.1, sse4.2, popcnt, avx, aes, erms, tsc, tscinvbit

/proc/cpuinfo:
processor	: 0
vendor_id	: GenuineIntel
cpu family	: 6
model		: 62
model name	: Intel(R) Core(TM) i7-4930K CPU @ 3.40GHz
stepping	: 4
microcode	: 0x416
cpu MHz		: 3401.959
cache size	: 12288 KB
physical id	: 0
siblings	: 3
core id		: 0
cpu cores	: 3
apicid		: 0
initial apicid	: 0
fpu		: yes
fpu_exception	: yes
cpuid level	: 13
wp		: yes
flags		: fpu vme de pse tsc msr pae mce cx8 apic sep mtrr pge mca cmov pat pse36 clflush dts mmx fxsr sse sse2 ss ht syscall nx rdtscp lm constant_tsc arch_perfmon pebs bts nopl xtopology tsc_reliable nonstop_tsc aperfmperf pni pclmulqdq ssse3 cx16 pcid sse4_1 sse4_2 x2apic popcnt tsc_deadline_timer aes xsave avx f16c rdrand hypervisor lahf_lm ida arat epb pln pts dtherm fsgsbase tsc_adjust smep
bugs		:
bogomips	: 6803.91
clflush size	: 64
cache_alignment	: 64
address sizes	: 42 bits physical, 48 bits virtual
power management:

processor	: 1
vendor_id	: GenuineIntel
cpu family	: 6
model		: 62
model name	: Intel(R) Core(TM) i7-4930K CPU @ 3.40GHz
stepping	: 4
microcode	: 0x416
cpu MHz		: 3401.959
cache size	: 12288 KB
physical id	: 0
siblings	: 3
core id		: 1
cpu cores	: 3
apicid		: 1
initial apicid	: 1
fpu		: yes
fpu_exception	: yes
cpuid level	: 13
wp		: yes
flags		: fpu vme de pse tsc msr pae mce cx8 apic sep mtrr pge mca cmov pat pse36 clflush dts mmx fxsr sse sse2 ss ht syscall nx rdtscp lm constant_tsc arch_perfmon pebs bts nopl xtopology tsc_reliable nonstop_tsc aperfmperf pni pclmulqdq ssse3 cx16 pcid sse4_1 sse4_2 x2apic popcnt tsc_deadline_timer aes xsave avx f16c rdrand hypervisor lahf_lm ida arat epb pln pts dtherm fsgsbase tsc_adjust smep
bugs		:
bogomips	: 6803.91
clflush size	: 64
cache_alignment	: 64
address sizes	: 42 bits physical, 48 bits virtual
power management:

processor	: 2
vendor_id	: GenuineIntel
cpu family	: 6
model		: 62
model name	: Intel(R) Core(TM) i7-4930K CPU @ 3.40GHz
stepping	: 4
microcode	: 0x416
cpu MHz		: 3401.959
cache size	: 12288 KB
physical id	: 0
siblings	: 3
core id		: 2
cpu cores	: 3
apicid		: 2
initial apicid	: 2
fpu		: yes
fpu_exception	: yes
cpuid level	: 13
wp		: yes
flags		: fpu vme de pse tsc msr pae mce cx8 apic sep mtrr pge mca cmov pat pse36 clflush dts mmx fxsr sse sse2 ss ht syscall nx rdtscp lm constant_tsc arch_perfmon pebs bts nopl xtopology tsc_reliable nonstop_tsc aperfmperf pni pclmulqdq ssse3 cx16 pcid sse4_1 sse4_2 x2apic popcnt tsc_deadline_timer aes xsave avx f16c rdrand hypervisor lahf_lm ida arat epb pln pts dtherm fsgsbase tsc_adjust smep
bugs		:
bogomips	: 6803.91
clflush size	: 64
cache_alignment	: 64
address sizes	: 42 bits physical, 48 bits virtual
power management:

processor	: 3
vendor_id	: GenuineIntel
cpu family	: 6
model		: 62
model name	: Intel(R) Core(TM) i7-4930K CPU @ 3.40GHz
stepping	: 4
microcode	: 0x416
cpu MHz		: 3401.959
cache size	: 12288 KB
physical id	: 1
siblings	: 3
core id		: 0
cpu cores	: 3
apicid		: 4
initial apicid	: 4
fpu		: yes
fpu_exception	: yes
cpuid level	: 13
wp		: yes
flags		: fpu vme de pse tsc msr pae mce cx8 apic sep mtrr pge mca cmov pat pse36 clflush dts mmx fxsr sse sse2 ss ht syscall nx rdtscp lm constant_tsc arch_perfmon pebs bts nopl xtopology tsc_reliable nonstop_tsc aperfmperf pni pclmulqdq ssse3 cx16 pcid sse4_1 sse4_2 x2apic popcnt tsc_deadline_timer aes xsave avx f16c rdrand hypervisor lahf_lm ida arat epb pln pts dtherm fsgsbase tsc_adjust smep
bugs		:
bogomips	: 6803.91
clflush size	: 64
cache_alignment	: 64
address sizes	: 42 bits physical, 48 bits virtual
power management:

processor	: 4
vendor_id	: GenuineIntel
cpu family	: 6
model		: 62
model name	: Intel(R) Core(TM) i7-4930K CPU @ 3.40GHz
stepping	: 4
microcode	: 0x416
cpu MHz		: 3401.959
cache size	: 12288 KB
physical id	: 1
siblings	: 3
core id		: 1
cpu cores	: 3
apicid		: 5
initial apicid	: 5
fpu		: yes
fpu_exception	: yes
cpuid level	: 13
wp		: yes
flags		: fpu vme de pse tsc msr pae mce cx8 apic sep mtrr pge mca cmov pat pse36 clflush dts mmx fxsr sse sse2 ss ht syscall nx rdtscp lm constant_tsc arch_perfmon pebs bts nopl xtopology tsc_reliable nonstop_tsc aperfmperf pni pclmulqdq ssse3 cx16 pcid sse4_1 sse4_2 x2apic popcnt tsc_deadline_timer aes xsave avx f16c rdrand hypervisor lahf_lm ida arat epb pln pts dtherm fsgsbase tsc_adjust smep
bugs		:
bogomips	: 6803.91
clflush size	: 64
cache_alignment	: 64
address sizes	: 42 bits physical, 48 bits virtual
power management:

processor	: 5
vendor_id	: GenuineIntel
cpu family	: 6
model		: 62
model name	: Intel(R) Core(TM) i7-4930K CPU @ 3.40GHz
stepping	: 4
microcode	: 0x416
cpu MHz		: 3401.959
cache size	: 12288 KB
physical id	: 1
siblings	: 3
core id		: 2
cpu cores	: 3
apicid		: 6
initial apicid	: 6
fpu		: yes
fpu_exception	: yes
cpuid level	: 13
wp		: yes
flags		: fpu vme de pse tsc msr pae mce cx8 apic sep mtrr pge mca cmov pat pse36 clflush dts mmx fxsr sse sse2 ss ht syscall nx rdtscp lm constant_tsc arch_perfmon pebs bts nopl xtopology tsc_reliable nonstop_tsc aperfmperf pni pclmulqdq ssse3 cx16 pcid sse4_1 sse4_2 x2apic popcnt tsc_deadline_timer aes xsave avx f16c rdrand hypervisor lahf_lm ida arat epb pln pts dtherm fsgsbase tsc_adjust smep
bugs		:
bogomips	: 6803.91
clflush size	: 64
cache_alignment	: 64
address sizes	: 42 bits physical, 48 bits virtual
power management:



Memory: 4k page, physical 6095396k(126952k free), swap 487420k(0k free)

vm_info: Java HotSpot(TM) 64-Bit Server VM (24.71-b01) for linux-amd64 JRE (1.7.0_71-b14), built on Sep 26 2014 16:41:40 by "java_re" with gcc 4.3.0 20080428 (Red Hat 4.3.0-8)

time: Tue May 26 18:48:22 2015
elapsed time: 12 seconds

